# JRE version: OpenJDK Runtime Environment Temurin-25.0.2+10 (25.0.2+10) (build 25.0.2+10-LTS)
# Java VM: OpenJDK 64-Bit Server VM Temurin-25.0.2+10 (25.0.2+10-LTS, mixed mode, sharing, tiered, compressed oops, compressed class ptrs, parallel gc, windows-amd64)
GC Precious Log:
 CardTable entry size: 512
 CPUs: 8 total, 8 available
 Memory: 7930M
 Large Page Support: Disabled
 NUMA Support: Disabled
 Compressed Oops: Enabled (32-bit)
 Alignments: Space 512K, Generation 512K, Heap 2M
 Heap Min Capacity: 100M
 Heap Initial Capacity: 100M
 Heap Max Capacity: 2G
 Pre-touch: Disabled
 Parallel Workers: 8
Heap:
 PSYoungGen      total 29184K, used 23976K [0x00000000d5580000, 0x00000000d7c00000, 0x0000000100000000)
  eden space 24064K, 99% used [0x00000000d5580000,0x00000000d6cea3d0,0x00000000d6d00000)
  from space 5120K, 0% used [0x00000000d6e80000,0x00000000d6e80000,0x00000000d7380000)
  to   space 7680K, 0% used [0x00000000d7480000,0x00000000d7480000,0x00000000d7c00000)
 ParOldGen       total 68608K, used 15253K [0x0000000080000000, 0x0000000084300000, 0x00000000d5580000)
  object space 68608K, 22% used [0x0000000080000000,0x0000000080ee55e0,0x0000000084300000)
GC Heap Usage History (14 events):
Event: 2.415 {heap Before GC invocations=1 (full 0):
 PSYoungGen      total 29696K, used 25600K [0x00000000d5580000, 0x00000000d7680000, 0x0000000100000000)
  eden space 25600K, 100% used [0x00000000d5580000,0x00000000d6e80000,0x00000000d6e80000)
  from space 4096K, 0% used [0x00000000d7280000,0x00000000d7280000,0x00000000d7680000)
  to   space 4096K, 0% used [0x00000000d6e80000,0x00000000d6e80000,0x00000000d7280000)
 ParOldGen       total 68608K, used 1171K [0x0000000080000000, 0x0000000084300000, 0x00000000d5580000)
Event: 2.422 {heap After GC invocations=1 (full 0):
 PSYoungGen      total 29696K, used 2979K [0x00000000d5580000, 0x00000000d7680000, 0x0000000100000000)
  eden space 25600K, 0% used [0x00000000d5580000,0x00000000d5580000,0x00000000d6e80000)
  from space 4096K, 72% used [0x00000000d6e80000,0x00000000d7168df8,0x00000000d7280000)
  to   space 4096K, 0% used [0x00000000d7280000,0x00000000d7280000,0x00000000d7680000)
 ParOldGen       total 68608K, used 1179K [0x0000000080000000, 0x0000000084300000, 0x00000000d5580000)
  oEvent: 4.618 {heap Before GC invocations=2 (full 0):
 PSYoungGen      total 29696K, used 28579K [0x00000000d5580000, 0x00000000d7680000, 0x0000000100000000)
  eden space 25600K, 100% used [0x00000000d5580000,0x00000000d6e80000,0x00000000d6e80000)
  from space 4096K, 72% used [0x00000000d6e80000,0x00000000d7168df8,0x00000000d7280000)
  to   space 4096K, 0% used [0x00000000d7280000,0x00000000d7280000,0x00000000d7680000)
 ParOldGen       total 68608K, used 1179K [0x0000000080000000, 0x0000000084300000, 0x00000000d5580000)Event: 4.625 {heap After GC invocations=2 (full 0):
 PSYoungGen      total 29696K, used 4072K [0x00000000d5580000, 0x00000000d7680000, 0x0000000100000000)
  eden space 25600K, 0% used [0x00000000d5580000,0x00000000d5580000,0x00000000d6e80000)
  from space 4096K, 99% used [0x00000000d7280000,0x00000000d767a108,0x00000000d7680000)
  to   space 4096K, 0% used [0x00000000d6e80000,0x00000000d6e80000,0x00000000d7280000)
 ParOldGen       total 68608K, used 2615K [0x0000000080000000, 0x0000000084300000, 0x00000000d5580000)
  oEvent: 5.478 {heap Before GC invocations=3 (full 0):
 PSYoungGen      total 29696K, used 29672K [0x00000000d5580000, 0x00000000d7680000, 0x0000000100000000)
  eden space 25600K, 100% used [0x00000000d5580000,0x00000000d6e80000,0x00000000d6e80000)
  from space 4096K, 99% used [0x00000000d7280000,0x00000000d767a108,0x00000000d7680000)
  to   space 4096K, 0% used [0x00000000d6e80000,0x00000000d6e80000,0x00000000d7280000)
 ParOldGen       total 68608K, used 2615K [0x0000000080000000, 0x0000000084300000, 0x00000000d5580000)Event: 5.484 {heap After GC invocations=3 (full 0):
 PSYoungGen      total 29696K, used 4089K [0x00000000d5580000, 0x00000000d7680000, 0x0000000100000000)
  eden space 25600K, 0% used [0x00000000d5580000,0x00000000d5580000,0x00000000d6e80000)
  from space 4096K, 99% used [0x00000000d6e80000,0x00000000d727e510,0x00000000d7280000)
  to   space 4096K, 0% used [0x00000000d7280000,0x00000000d7280000,0x00000000d7680000)
 ParOldGen       total 68608K, used 4628K [0x0000000080000000, 0x0000000084300000, 0x00000000d5580000)
  oEvent: 8.361 {heap Before GC invocations=4 (full 0):
 PSYoungGen      total 29696K, used 29689K [0x00000000d5580000, 0x00000000d7680000, 0x0000000100000000)
  eden space 25600K, 100% used [0x00000000d5580000,0x00000000d6e80000,0x00000000d6e80000)
  from space 4096K, 99% used [0x00000000d6e80000,0x00000000d727e510,0x00000000d7280000)
  to   space 4096K, 0% used [0x00000000d7280000,0x00000000d7280000,0x00000000d7680000)
 ParOldGen       total 68608K, used 4628K [0x0000000080000000, 0x0000000084300000, 0x00000000d5580000)Event: 8.369 {heap After GC invocations=4 (full 0):
 PSYoungGen      total 29696K, used 4088K [0x00000000d5580000, 0x00000000d7680000, 0x0000000100000000)
  eden space 25600K, 0% used [0x00000000d5580000,0x00000000d5580000,0x00000000d6e80000)
  from space 4096K, 99% used [0x00000000d7280000,0x00000000d767e0c8,0x00000000d7680000)
  to   space 4096K, 0% used [0x00000000d6e80000,0x00000000d6e80000,0x00000000d7280000)
 ParOldGen       total 68608K, used 6630K [0x0000000080000000, 0x0000000084300000, 0x00000000d5580000)
  oEvent: 9.284 {heap Before GC invocations=5 (full 0):
 PSYoungGen      total 29696K, used 29688K [0x00000000d5580000, 0x00000000d7680000, 0x0000000100000000)
  eden space 25600K, 100% used [0x00000000d5580000,0x00000000d6e80000,0x00000000d6e80000)
  from space 4096K, 99% used [0x00000000d7280000,0x00000000d767e0c8,0x00000000d7680000)
  to   space 4096K, 0% used [0x00000000d6e80000,0x00000000d6e80000,0x00000000d7280000)
 ParOldGen       total 68608K, used 6630K [0x0000000080000000, 0x0000000084300000, 0x00000000d5580000)Event: 9.289 {heap After GC invocations=5 (full 0):
 PSYoungGen      total 29184K, used 4095K [0x00000000d5580000, 0x00000000d7a00000, 0x0000000100000000)
  eden space 25088K, 0% used [0x00000000d5580000,0x00000000d5580000,0x00000000d6e00000)
  from space 4096K, 99% used [0x00000000d6e80000,0x00000000d727fe98,0x00000000d7280000)
  to   space 6144K, 0% used [0x00000000d7400000,0x00000000d7400000,0x00000000d7a00000)
 ParOldGen       total 68608K, used 7934K [0x0000000080000000, 0x0000000084300000, 0x00000000d5580000)
  oEvent: 9.863 {heap Before GC invocations=6 (full 0):
 PSYoungGen      total 29184K, used 29104K [0x00000000d5580000, 0x00000000d7a00000, 0x0000000100000000)
  eden space 25088K, 99% used [0x00000000d5580000,0x00000000d6dec498,0x00000000d6e00000)
  from space 4096K, 99% used [0x00000000d6e80000,0x00000000d727fe98,0x00000000d7280000)
  to   space 6144K, 0% used [0x00000000d7400000,0x00000000d7400000,0x00000000d7a00000)
 ParOldGen       total 68608K, used 7934K [0x0000000080000000, 0x0000000084300000, 0x00000000d5580000)
Event: 9.868 {heap After GC invocations=6 (full 0):
 PSYoungGen      total 29184K, used 4585K [0x00000000d5580000, 0x00000000d7880000, 0x0000000100000000)
  eden space 24576K, 0% used [0x00000000d5580000,0x00000000d5580000,0x00000000d6d80000)
  from space 4608K, 99% used [0x00000000d7400000,0x00000000d787a478,0x00000000d7880000)
  to   space 5120K, 0% used [0x00000000d6e80000,0x00000000d6e80000,0x00000000d7380000)
 ParOldGen       total 68608K, used 7942K [0x0000000080000000, 0x0000000084300000, 0x00000000d5580000)
  oEvent: 10.341 {heap Before GC invocations=7 (full 0):
 PSYoungGen      total 29184K, used 29161K [0x00000000d5580000, 0x00000000d7880000, 0x0000000100000000)
  eden space 24576K, 100% used [0x00000000d5580000,0x00000000d6d80000,0x00000000d6d80000)
  from space 4608K, 99% used [0x00000000d7400000,0x00000000d787a478,0x00000000d7880000)
  to   space 5120K, 0% used [0x00000000d6e80000,0x00000000d6e80000,0x00000000d7380000)
 ParOldGen       total 68608K, used 7942K [0x0000000080000000, 0x0000000084300000, 0x00000000d5580000)Event: 11.357 {heap After GC invocations=7 (full 0):
 PSYoungGen      total 29184K, used 5118K [0x00000000d5580000, 0x00000000d7c00000, 0x0000000100000000)
  eden space 24064K, 0% used [0x00000000d5580000,0x00000000d5580000,0x00000000d6d00000)
  from space 5120K, 99% used [0x00000000d6e80000,0x00000000d737f950,0x00000000d7380000)
  to   space 7680K, 0% used [0x00000000d7480000,0x00000000d7480000,0x00000000d7c00000)
 ParOldGen       total 68608K, used 9685K [0x0000000080000000, 0x0000000084300000, 0x00000000d5580000)
  o
Metaspace Usage History (14 events):
Event: 2.415 {metaspace Before GC invocations=1 (full 0):
 Metaspace       used 4181K, committed 4480K, reserved 1114112K
  class space    used 429K, committed 576K, reserved 1048576K
}
Event: 2.422 {metaspace After GC invocations=1 (full 0):
 Metaspace       used 4181K, committed 4480K, reserved 1114112K
  class space    used 429K, committed 576K, reserved 1048576K
}
Event: 4.618 {metaspace Before GC invocations=2 (full 0):
 Metaspace       used 7868K, committed 8128K, reserved 1114112K
  class space    used 799K, committed 896K, reserved 1048576K
}
Event: 4.625 {metaspace After GC invocations=2 (full 0):
 Metaspace       used 7868K, committed 8128K, reserved 1114112K
  class space    used 799K, committed 896K, reserved 1048576K
}
Event: 5.478 {metaspace Before GC invocations=3 (full 0):
 Metaspace       used 8947K, committed 9216K, reserved 1114112K
  class space    used 927K, committed 1088K, reserved 1048576K
}
Event: 5.484 {metaspace After GC invocations=3 (full 0):
 Metaspace       used 8947K, committed 9216K, reserved 1114112K
  class space    used 927K, committed 1088K, reserved 1048576K
}
Event: 8.362 {metaspace Before GC invocations=4 (full 0):
 Metaspace       used 10975K, committed 11264K, reserved 1114112K
  class space    used 1132K, committed 1280K, reserved 1048576K
}
Event: 8.369 {metaspace After GC invocations=4 (full 0):
 Metaspace       used 10975K, committed 11264K, reserved 1114112K
  class space    used 1132K, committed 1280K, reserved 1048576K
}
Event: 9.284 {metaspace Before GC invocations=5 (full 0):
 Metaspace       used 15013K, committed 15552K, reserved 1114112K
  class space    used 1541K, committed 1728K, reserved 1048576K
}
Event: 9.289 {metaspace After GC invocations=5 (full 0):
 Metaspace       used 15013K, committed 15552K, reserved 1114112K
  class space    used 1541K, committed 1728K, reserved 1048576K
}
Event: 9.863 {metaspace Before GC invocations=6 (full 0):
 Metaspace       used 17744K, committed 18368K, reserved 1114112K
  class space    used 1864K, committed 2112K, reserved 1048576K
}
Event: 9.868 {metaspace After GC invocations=6 (full 0):
 Metaspace       used 17744K, committed 18368K, reserved 1114112K
  class space    used 1864K, committed 2112K, reserved 1048576K
}
Event: 10.341 {metaspace Before GC invocations=7 (full 0):
 Metaspace       used 20586K, committed 21248K, reserved 1114112K
  class space    used 2151K, committed 2432K, reserved 1048576K
}
Event: 11.357 {metaspace After GC invocations=7 (full 0):
 Metaspace       used 20586K, committed 21248K, reserved 1114112K
  class space    used 2151K, committed 2432K, reserved 1048576K
}

